

*******************************************************************************
Thu Dec 10 14:27:24 2020


FIT:    data read from 'file1.dat' using 1:2
        format = x:z
        #datapoints = 20
        residuals are weighted equally (unit weight)

function used for fitting: f(x)
	f(x)=a*sin(x)
fitted parameters initialized with current variable values

iter      chisq       delta/lim  lambda   a            
   0 2.8689922643e+02   0.00e+00  1.44e+00    2.000000e+00
   3 2.7722283859e+02  -1.98e-06  1.44e-03    1.030610e+00

After 3 iterations the fit converged.
final sum of squares of residuals : 277.223
rel. change during last iteration : -1.97675e-11

degrees of freedom    (FIT_NDF)                        : 19
rms of residuals      (FIT_STDFIT) = sqrt(WSSR/ndf)    : 3.81977
variance of residuals (reduced chisquare) = WSSR/ndf   : 14.5907

Final set of parameters            Asymptotic Standard Error
=======================            ==========================
a               = 1.03061          +/- 1.19         (115.5%)
